<?xml version="1.0" encoding="UTF-8"?>
<project basedir="." name="nxp.ditaot-plugins" default="test">
	<!-- This Ant script helps you to get started quickly with this plugin.
	1. Copy test-build_template.properties to test-build.properties
	2. Edit test-build.properties to your taste
	3. Run "ant test-build.xml" in your console (Ant must be installed and in the PATH)-->
	<property file="test-build.properties"/>
	<property name="ditaot.plugins.dir" value="${ditaot.dir}/plugins/"/>
	<property name="javax.xml.transform.TransformerFactory" value="net.sf.saxon.TransformerFactoryImpl"/>
	<condition property="ditaot.executable" value="dita" else="dita.bat">
		<os family="unix"/>
	</condition>
	<path id="dost.class.path">
		<pathelement location="${ditaot.dir}/lib/dost.jar"/>
	</path>
	<target name="clean">
		<delete verbose="true" dir="${ditaot.plugins.dir}/${pluginId}/"/>
	</target>
  <target name="copy" depends="clean">
  	<copy todir="${ditaot.plugins.dir}">
  		<fileset dir="." includes="${pluginId}/**/*"/>
  	</copy>
  </target>
	<target name="deploy" depends="copy">
		<ant dir="${ditaot.dir}" antfile="integrator.xml"/>
	</target>
	<target name="test" depends="deploy">
		<delete dir="${basedir}/test/out"/>
		<exec dir="${ditaot.dir}" executable="${ditaot.dir}/bin/${ditaot.executable}" searchpath="false">
			<env key="DITA_DIR" value="${ditaot.dir}"/>
			<arg line="-format ${format}"/>
			<arg line="-input ${input.file}"/>
			<arg line="-output ${output.dir}"/>
			<arg line="-temp ${basedir}/test/out/temp"/>
			<arg line="-verbose"/>
			<arg prefix="-Dclean.temp=" value="${clean.temp}"/>
			<arg prefix="-Ddocument.locale=" value="en-US"/>
			<arg prefix="-Djavax.xml.transform.TransformerFactory=" value="net.sf.saxon.TransformerFactoryImpl"/>
		</exec>
	</target>
</project>
